<?xml version="1.0" encoding="UTF-8"?>
<!-- Generated by org.testng.reporters.JUnitReportReporter -->
<testsuite skipped="0" hostname="vanitha" name="com.Sheet.Parameter_test" tests="1" failures="0" timestamp="2021-01-29T12:57:04 IST" time="0.012" errors="0">
  <testcase name="credentials" time="0.012" classname="com.Sheet.Parameter_test"/>
  <system-out/>
</testsuite> <!-- com.Sheet.Parameter_test -->
