<?xml version="1.0" encoding="UTF-8"?>
<!-- Generated by org.testng.reporters.JUnitReportReporter -->
<testsuite skipped="0" hostname="vanitha" name="com.Sheet.Priority" tests="4" failures="0" timestamp="2021-01-30T11:40:27 IST" time="0.032" errors="0">
  <testcase name="mobile" time="0.016" classname="com.Sheet.Priority"/>
  <system-out/>
  <testcase name="phone" time="0.016" classname="com.Sheet.Priority"/>
  <system-out/>
  <testcase name="laptop" time="0.000" classname="com.Sheet.Priority"/>
  <system-out/>
  <testcase name="music_Player" time="0.000" classname="com.Sheet.Priority"/>
  <system-out/>
</testsuite> <!-- com.Sheet.Priority -->
