<?xml version="1.0" encoding="UTF-8"?>
<!-- Generated by org.testng.reporters.JUnitReportReporter -->
<testsuite skipped="0" hostname="vanitha" name="com.Sheet.Timeout_test" tests="1" failures="0" timestamp="2021-01-26T09:53:38 IST" time="1.026" errors="0">
  <testcase name="navigation" time="1.026" classname="com.Sheet.Timeout_test"/>
  <system-out/>
</testsuite> <!-- com.Sheet.Timeout_test -->
