<?xml version="1.0" encoding="UTF-8"?>
<!-- Generated by org.testng.reporters.JUnitReportReporter -->
<testsuite skipped="0" hostname="vanitha" name="com.Sheet.Dependancy_Test" tests="4" failures="0" timestamp="2021-01-27T09:31:15 IST" time="0.015" errors="0">
  <testcase name="laptopSearch" time="0.015" classname="com.Sheet.Dependancy_Test"/>
  <system-out/>
  <testcase name="mobileSearch" time="0.000" classname="com.Sheet.Dependancy_Test"/>
  <system-out/>
  <testcase name="offer" time="0.000" classname="com.Sheet.Dependancy_Test"/>
  <system-out/>
  <testcase name="samsung" time="0.000" classname="com.Sheet.Dependancy_Test"/>
  <system-out/>
</testsuite> <!-- com.Sheet.Dependancy_Test -->
