<?xml version="1.0" encoding="UTF-8"?>
<!-- Generated by org.testng.reporters.JUnitReportReporter -->
<testsuite skipped="0" hostname="vanitha" name="com.Sheet.Grouping_1" tests="5" failures="0" timestamp="2021-01-30T11:51:48 IST" time="0.031" errors="0">
  <testcase name="earphone" time="0.000" classname="com.Sheet.Grouping_1"/>
  <system-out/>
  <testcase name="laptop_Search" time="0.016" classname="com.Sheet.Grouping_1"/>
  <system-out/>
  <testcase name="navel" time="0.000" classname="com.Sheet.Grouping_1"/>
  <system-out/>
  <testcase name="books" time="0.015" classname="com.Sheet.Grouping_1"/>
  <system-out/>
  <testcase name="mobile_Search" time="0.000" classname="com.Sheet.Grouping_1"/>
  <system-out/>
</testsuite> <!-- com.Sheet.Grouping_1 -->
