<?xml version="1.0" encoding="UTF-8"?>
<!-- Generated by org.testng.reporters.JUnitReportReporter -->
<testsuite skipped="0" hostname="vanitha" name="com.Sheet.Expected_Exception" tests="1" failures="0" timestamp="2021-01-26T10:01:29 IST" time="0.015" errors="0">
  <testcase name="array_Datas" time="0.015" classname="com.Sheet.Expected_Exception"/>
  <system-out/>
</testsuite> <!-- com.Sheet.Expected_Exception -->
