<?xml version="1.0" encoding="UTF-8"?>
<!-- Generated by org.testng.reporters.JUnitReportReporter -->
<testsuite skipped="0" hostname="vanitha" name="com.Sheet.invocation_demo" tests="5" failures="0" timestamp="2021-01-26T09:36:53 IST" time="0.027" errors="0">
  <testcase name="browse_Launch" time="0.027" classname="com.Sheet.invocation_demo"/>
  <system-out/>
  <testcase name="refresh" time="0.000" classname="com.Sheet.invocation_demo"/>
  <system-out/>
  <testcase name="refresh" time="0.000" classname="com.Sheet.invocation_demo"/>
  <system-out/>
  <testcase name="refresh" time="0.000" classname="com.Sheet.invocation_demo"/>
  <system-out/>
  <testcase name="url" time="0.000" classname="com.Sheet.invocation_demo"/>
  <system-out/>
</testsuite> <!-- com.Sheet.invocation_demo -->
