<?xml version="1.0" encoding="UTF-8"?>
<!-- Generated by org.testng.reporters.JUnitReportReporter -->
<testsuite skipped="0" hostname="vanitha" name="com.Sheet.Simple_anatation" tests="2" failures="0" timestamp="2021-01-30T10:57:36 IST" time="0.000" errors="0">
  <testcase name="lap_Search" time="0.000" classname="com.Sheet.Simple_anatation"/>
  <system-out/>
  <testcase name="mobile_Search" time="0.000" classname="com.Sheet.Simple_anatation"/>
  <system-out/>
</testsuite> <!-- com.Sheet.Simple_anatation -->
