<?xml version="1.0" encoding="UTF-8"?>
<!-- Generated by org.testng.reporters.JUnitReportReporter -->
<testsuite skipped="0" hostname="vanitha" name="com.Sheet.Ignore1" tests="3" failures="0" timestamp="2021-01-30T11:11:16 IST" time="0.016" errors="0">
  <testcase name="lap_Search" time="0.016" classname="com.Sheet.Ignore1"/>
  <system-out/>
  <testcase name="mobile_Search" time="0.000" classname="com.Sheet.Ignore1"/>
  <system-out/>
  <testcase name="mobilephone" time="0.000" classname="com.Sheet.Ignore1"/>
  <system-out/>
</testsuite> <!-- com.Sheet.Ignore1 -->
