<?xml version="1.0" encoding="UTF-8"?>
<!-- Generated by org.testng.reporters.JUnitReportReporter -->
<testsuite skipped="0" hostname="vanitha" name="com.Sheet.Grouping" tests="3" failures="0" timestamp="2021-01-30T11:48:02 IST" time="0.016" errors="0">
  <testcase name="earphone" time="0.016" classname="com.Sheet.Grouping"/>
  <system-out/>
  <testcase name="laptop_Search" time="0.000" classname="com.Sheet.Grouping"/>
  <system-out/>
  <testcase name="mobile_Search" time="0.000" classname="com.Sheet.Grouping"/>
  <system-out/>
</testsuite> <!-- com.Sheet.Grouping -->
